\BOOKMARK [0][-]{chapter.1}{\376\377\0001\000\040\000I\000n\000d\000i\000c\000e\000\040\000d\000e\000i\000\040\000m\000o\000d\000u\000l\000i}{}% 1
\BOOKMARK [1][-]{section.1.1}{\376\377\0001\000.\0001\000\040\000M\000o\000d\000u\000l\000i}{chapter.1}% 2
\BOOKMARK [0][-]{chapter.2}{\376\377\0002\000\040\000I\000n\000d\000i\000c\000e\000\040\000d\000e\000l\000l\000e\000\040\000s\000t\000r\000u\000t\000t\000u\000r\000e\000\040\000d\000a\000t\000i}{}% 3
\BOOKMARK [1][-]{section.2.1}{\376\377\0002\000.\0001\000\040\000S\000t\000r\000u\000t\000t\000u\000r\000e\000\040\000d\000a\000t\000i}{chapter.2}% 4
\BOOKMARK [0][-]{chapter.3}{\376\377\0003\000\040\000I\000n\000d\000i\000c\000e\000\040\000d\000e\000i\000\040\000f\000i\000l\000e}{}% 5
\BOOKMARK [1][-]{section.3.1}{\376\377\0003\000.\0001\000\040\000E\000l\000e\000n\000c\000o\000\040\000d\000e\000i\000\040\000f\000i\000l\000e}{chapter.3}% 6
\BOOKMARK [0][-]{chapter.4}{\376\377\0004\000\040\000D\000o\000c\000u\000m\000e\000n\000t\000a\000z\000i\000o\000n\000e\000\040\000d\000e\000i\000\040\000m\000o\000d\000u\000l\000i}{}% 7
\BOOKMARK [1][-]{section.4.1}{\376\377\0004\000.\0001\000\040\000L\000C\000D}{chapter.4}% 8
\BOOKMARK [2][-]{subsection.4.1.1}{\376\377\0004\000.\0001\000.\0001\000\040\000D\000e\000s\000c\000r\000i\000z\000i\000o\000n\000e\000\040\000d\000e\000t\000t\000a\000g\000l\000i\000a\000t\000a}{section.4.1}% 9
\BOOKMARK [1][-]{section.4.2}{\376\377\0004\000.\0002\000\040\000H\000D\0004\0004\0007\0008\0000}{chapter.4}% 10
\BOOKMARK [2][-]{subsection.4.2.1}{\376\377\0004\000.\0002\000.\0001\000\040\000D\000e\000s\000c\000r\000i\000z\000i\000o\000n\000e\000\040\000d\000e\000t\000t\000a\000g\000l\000i\000a\000t\000a}{section.4.2}% 11
\BOOKMARK [2][-]{subsection.4.2.2}{\376\377\0004\000.\0002\000.\0002\000\040\000D\000o\000c\000u\000m\000e\000n\000t\000a\000z\000i\000o\000n\000e\000\040\000d\000e\000i\000\040\000t\000i\000p\000i\000\040\000e\000n\000u\000m\000e\000r\000a\000t\000i}{section.4.2}% 12
\BOOKMARK [3][-]{subsubsection.4.2.2.1}{\376\377\0004\000.\0002\000.\0002\000.\0001\000\040\000H\000D\0004\0004\0007\0008\0000\000\137\000D\000i\000r\000e\000c\000t\000i\000o\000n\000\137\000t}{subsection.4.2.2}% 13
\BOOKMARK [3][-]{subsubsection.4.2.2.2}{\376\377\0004\000.\0002\000.\0002\000.\0002\000\040\000H\000D\0004\0004\0007\0008\0000\000\137\000I\000n\000t\000e\000r\000f\000a\000c\000e\000M\000o\000d\000e\000\137\000t}{subsection.4.2.2}% 14
\BOOKMARK [2][-]{subsection.4.2.3}{\376\377\0004\000.\0002\000.\0003\000\040\000D\000o\000c\000u\000m\000e\000n\000t\000a\000z\000i\000o\000n\000e\000\040\000d\000e\000l\000l\000e\000\040\000f\000u\000n\000z\000i\000o\000n\000i}{section.4.2}% 15
\BOOKMARK [3][-]{subsubsection.4.2.3.1}{\376\377\0004\000.\0002\000.\0003\000.\0001\000\040\000H\000D\0004\0004\0007\0008\0000\000\137\000C\000l\000e\000a\000r}{subsection.4.2.3}% 16
\BOOKMARK [3][-]{subsubsection.4.2.3.2}{\376\377\0004\000.\0002\000.\0003\000.\0002\000\040\000H\000D\0004\0004\0007\0008\0000\000\137\000C\000u\000r\000s\000o\000r\000B\000l\000i\000n\000k}{subsection.4.2.3}% 17
\BOOKMARK [3][-]{subsubsection.4.2.3.3}{\376\377\0004\000.\0002\000.\0003\000.\0003\000\040\000H\000D\0004\0004\0007\0008\0000\000\137\000C\000u\000r\000s\000o\000r\000O\000f\000f}{subsection.4.2.3}% 18
\BOOKMARK [3][-]{subsubsection.4.2.3.4}{\376\377\0004\000.\0002\000.\0003\000.\0004\000\040\000H\000D\0004\0004\0007\0008\0000\000\137\000C\000u\000r\000s\000o\000r\000O\000n}{subsection.4.2.3}% 19
\BOOKMARK [3][-]{subsubsection.4.2.3.5}{\376\377\0004\000.\0002\000.\0003\000.\0005\000\040\000H\000D\0004\0004\0007\0008\0000\000\137\000D\000i\000s\000p\000l\000a\000y\000O\000f\000f}{subsection.4.2.3}% 20
\BOOKMARK [3][-]{subsubsection.4.2.3.6}{\376\377\0004\000.\0002\000.\0003\000.\0006\000\040\000H\000D\0004\0004\0007\0008\0000\000\137\000H\000o\000m\000e}{subsection.4.2.3}% 21
\BOOKMARK [3][-]{subsubsection.4.2.3.7}{\376\377\0004\000.\0002\000.\0003\000.\0007\000\040\000H\000D\0004\0004\0007\0008\0000\000\137\000I\000n\000i\000t\0004}{subsection.4.2.3}% 22
\BOOKMARK [3][-]{subsubsection.4.2.3.8}{\376\377\0004\000.\0002\000.\0003\000.\0008\000\040\000H\000D\0004\0004\0007\0008\0000\000\137\000I\000n\000i\000t\0008}{subsection.4.2.3}% 23
\BOOKMARK [3][-]{subsubsection.4.2.3.9}{\376\377\0004\000.\0002\000.\0003\000.\0009\000\040\000H\000D\0004\0004\0007\0008\0000\000\137\000M\000o\000v\000e\000C\000u\000r\000s\000o\000r}{subsection.4.2.3}% 24
\BOOKMARK [3][-]{subsubsection.4.2.3.10}{\376\377\0004\000.\0002\000.\0003\000.\0001\0000\000\040\000H\000D\0004\0004\0007\0008\0000\000\137\000M\000o\000v\000e\000T\000o\000R\000o\000w\0001}{subsection.4.2.3}% 25
\BOOKMARK [3][-]{subsubsection.4.2.3.11}{\376\377\0004\000.\0002\000.\0003\000.\0001\0001\000\040\000H\000D\0004\0004\0007\0008\0000\000\137\000M\000o\000v\000e\000T\000o\000R\000o\000w\0002}{subsection.4.2.3}% 26
\BOOKMARK [3][-]{subsubsection.4.2.3.12}{\376\377\0004\000.\0002\000.\0003\000.\0001\0002\000\040\000H\000D\0004\0004\0007\0008\0000\000\137\000P\000r\000i\000n\000t}{subsection.4.2.3}% 27
\BOOKMARK [3][-]{subsubsection.4.2.3.13}{\376\377\0004\000.\0002\000.\0003\000.\0001\0003\000\040\000H\000D\0004\0004\0007\0008\0000\000\137\000p\000r\000i\000n\000t\000B\000i\000n\000a\000r\000y\0003\0002}{subsection.4.2.3}% 28
\BOOKMARK [3][-]{subsubsection.4.2.3.14}{\376\377\0004\000.\0002\000.\0003\000.\0001\0004\000\040\000H\000D\0004\0004\0007\0008\0000\000\137\000p\000r\000i\000n\000t\000B\000i\000n\000a\000r\000y\0006\0004}{subsection.4.2.3}% 29
\BOOKMARK [3][-]{subsubsection.4.2.3.15}{\376\377\0004\000.\0002\000.\0003\000.\0001\0005\000\040\000H\000D\0004\0004\0007\0008\0000\000\137\000p\000r\000i\000n\000t\000B\000i\000n\000a\000r\000y\0008}{subsection.4.2.3}% 30
\BOOKMARK [3][-]{subsubsection.4.2.3.16}{\376\377\0004\000.\0002\000.\0003\000.\0001\0006\000\040\000H\000D\0004\0004\0007\0008\0000\000\137\000P\000r\000i\000n\000t\000c}{subsection.4.2.3}% 31
\BOOKMARK [3][-]{subsubsection.4.2.3.17}{\376\377\0004\000.\0002\000.\0003\000.\0001\0007\000\040\000H\000D\0004\0004\0007\0008\0000\000\137\000p\000r\000i\000n\000t\000H\000e\000x\0003\0002}{subsection.4.2.3}% 32
\BOOKMARK [3][-]{subsubsection.4.2.3.18}{\376\377\0004\000.\0002\000.\0003\000.\0001\0008\000\040\000H\000D\0004\0004\0007\0008\0000\000\137\000p\000r\000i\000n\000t\000H\000e\000x\0006\0004}{subsection.4.2.3}% 33
\BOOKMARK [3][-]{subsubsection.4.2.3.19}{\376\377\0004\000.\0002\000.\0003\000.\0001\0009\000\040\000H\000D\0004\0004\0007\0008\0000\000\137\000p\000r\000i\000n\000t\000H\000e\000x\0008}{subsection.4.2.3}% 34
\BOOKMARK [1][-]{section.4.3}{\376\377\0004\000.\0003\000\040\000Z\000y\000b\000o}{chapter.4}% 35
\BOOKMARK [2][-]{subsection.4.3.1}{\376\377\0004\000.\0003\000.\0001\000\040\000D\000e\000s\000c\000r\000i\000z\000i\000o\000n\000e\000\040\000d\000e\000t\000t\000a\000g\000l\000i\000a\000t\000a}{section.4.3}% 36
\BOOKMARK [1][-]{section.4.4}{\376\377\0004\000.\0004\000\040\000B\000u\000t\000t\000o\000n}{chapter.4}% 37
\BOOKMARK [2][-]{subsection.4.4.1}{\376\377\0004\000.\0004\000.\0001\000\040\000D\000e\000s\000c\000r\000i\000z\000i\000o\000n\000e\000\040\000d\000e\000t\000t\000a\000g\000l\000i\000a\000t\000a}{section.4.4}% 38
\BOOKMARK [2][-]{subsection.4.4.2}{\376\377\0004\000.\0004\000.\0002\000\040\000D\000o\000c\000u\000m\000e\000n\000t\000a\000z\000i\000o\000n\000e\000\040\000d\000e\000l\000l\000e\000\040\000d\000e\000f\000i\000n\000i\000z\000i\000o\000n\000i}{section.4.4}% 39
\BOOKMARK [3][-]{subsubsection.4.4.2.1}{\376\377\0004\000.\0004\000.\0002\000.\0001\000\040\000Z\000y\000b\000o\000B\000u\000t\000t\000o\000n}{subsection.4.4.2}% 40
\BOOKMARK [3][-]{subsubsection.4.4.2.2}{\376\377\0004\000.\0004\000.\0002\000.\0002\000\040\000Z\000y\000b\000o\000B\000u\000t\000t\000o\000n\000\137\000D\000e\000b\000o\000u\000n\000c\000e\000W\000a\000i\000t}{subsection.4.4.2}% 41
\BOOKMARK [2][-]{subsection.4.4.3}{\376\377\0004\000.\0004\000.\0003\000\040\000D\000o\000c\000u\000m\000e\000n\000t\000a\000z\000i\000o\000n\000e\000\040\000d\000e\000i\000\040\000t\000i\000p\000i\000\040\000e\000n\000u\000m\000e\000r\000a\000t\000i}{section.4.4}% 42
\BOOKMARK [3][-]{subsubsection.4.4.3.1}{\376\377\0004\000.\0004\000.\0003\000.\0001\000\040\000Z\000y\000b\000o\000B\000u\000t\000t\000o\000n\000\137\000m\000a\000s\000k\000\137\000t}{subsection.4.4.3}% 43
\BOOKMARK [3][-]{subsubsection.4.4.3.2}{\376\377\0004\000.\0004\000.\0003\000.\0002\000\040\000Z\000y\000b\000o\000B\000u\000t\000t\000o\000n\000\137\000s\000t\000a\000t\000u\000s\000\137\000t}{subsection.4.4.3}% 44
\BOOKMARK [2][-]{subsection.4.4.4}{\376\377\0004\000.\0004\000.\0004\000\040\000D\000o\000c\000u\000m\000e\000n\000t\000a\000z\000i\000o\000n\000e\000\040\000d\000e\000l\000l\000e\000\040\000f\000u\000n\000z\000i\000o\000n\000i}{section.4.4}% 45
\BOOKMARK [3][-]{subsubsection.4.4.4.1}{\376\377\0004\000.\0004\000.\0004\000.\0001\000\040\000Z\000y\000b\000o\000B\000u\000t\000t\000o\000n\000\137\000g\000e\000t\000S\000t\000a\000t\000u\000s}{subsection.4.4.4}% 46
\BOOKMARK [3][-]{subsubsection.4.4.4.2}{\376\377\0004\000.\0004\000.\0004\000.\0002\000\040\000Z\000y\000b\000o\000B\000u\000t\000t\000o\000n\000\137\000i\000n\000i\000t}{subsection.4.4.4}% 47
\BOOKMARK [3][-]{subsubsection.4.4.4.3}{\376\377\0004\000.\0004\000.\0004\000.\0003\000\040\000Z\000y\000b\000o\000B\000u\000t\000t\000o\000n\000\137\000w\000a\000i\000t\000W\000h\000i\000l\000e\000B\000u\000s\000y}{subsection.4.4.4}% 48
\BOOKMARK [3][-]{subsubsection.4.4.4.4}{\376\377\0004\000.\0004\000.\0004\000.\0004\000\040\000Z\000y\000b\000o\000B\000u\000t\000t\000o\000n\000\137\000w\000a\000i\000t\000W\000h\000i\000l\000e\000I\000d\000l\000e}{subsection.4.4.4}% 49
\BOOKMARK [1][-]{section.4.5}{\376\377\0004\000.\0005\000\040\000L\000e\000d}{chapter.4}% 50
\BOOKMARK [2][-]{subsection.4.5.1}{\376\377\0004\000.\0005\000.\0001\000\040\000D\000e\000s\000c\000r\000i\000z\000i\000o\000n\000e\000\040\000d\000e\000t\000t\000a\000g\000l\000i\000a\000t\000a}{section.4.5}% 51
\BOOKMARK [2][-]{subsection.4.5.2}{\376\377\0004\000.\0005\000.\0002\000\040\000D\000o\000c\000u\000m\000e\000n\000t\000a\000z\000i\000o\000n\000e\000\040\000d\000e\000l\000l\000e\000\040\000d\000e\000f\000i\000n\000i\000z\000i\000o\000n\000i}{section.4.5}% 52
\BOOKMARK [3][-]{subsubsection.4.5.2.1}{\376\377\0004\000.\0005\000.\0002\000.\0001\000\040\000Z\000y\000b\000o\000L\000e\000d}{subsection.4.5.2}% 53
\BOOKMARK [2][-]{subsection.4.5.3}{\376\377\0004\000.\0005\000.\0003\000\040\000D\000o\000c\000u\000m\000e\000n\000t\000a\000z\000i\000o\000n\000e\000\040\000d\000e\000i\000\040\000t\000i\000p\000i\000\040\000e\000n\000u\000m\000e\000r\000a\000t\000i}{section.4.5}% 54
\BOOKMARK [3][-]{subsubsection.4.5.3.1}{\376\377\0004\000.\0005\000.\0003\000.\0001\000\040\000Z\000y\000b\000o\000L\000e\000d\000\137\000m\000a\000s\000k\000\137\000t}{subsection.4.5.3}% 55
\BOOKMARK [3][-]{subsubsection.4.5.3.2}{\376\377\0004\000.\0005\000.\0003\000.\0002\000\040\000Z\000y\000b\000o\000L\000e\000d\000\137\000s\000t\000a\000t\000u\000s\000\137\000t}{subsection.4.5.3}% 56
\BOOKMARK [2][-]{subsection.4.5.4}{\376\377\0004\000.\0005\000.\0004\000\040\000D\000o\000c\000u\000m\000e\000n\000t\000a\000z\000i\000o\000n\000e\000\040\000d\000e\000l\000l\000e\000\040\000f\000u\000n\000z\000i\000o\000n\000i}{section.4.5}% 57
\BOOKMARK [3][-]{subsubsection.4.5.4.1}{\376\377\0004\000.\0005\000.\0004\000.\0001\000\040\000Z\000y\000b\000o\000L\000e\000d\000\137\000i\000n\000i\000t}{subsection.4.5.4}% 58
\BOOKMARK [3][-]{subsubsection.4.5.4.2}{\376\377\0004\000.\0005\000.\0004\000.\0002\000\040\000Z\000y\000b\000o\000L\000e\000d\000\137\000s\000e\000t\000S\000t\000a\000t\000u\000s}{subsection.4.5.4}% 59
\BOOKMARK [3][-]{subsubsection.4.5.4.3}{\376\377\0004\000.\0005\000.\0004\000.\0003\000\040\000Z\000y\000b\000o\000L\000e\000d\000\137\000t\000o\000g\000g\000l\000e}{subsection.4.5.4}% 60
\BOOKMARK [1][-]{section.4.6}{\376\377\0004\000.\0006\000\040\000S\000w\000i\000t\000c\000h}{chapter.4}% 61
\BOOKMARK [2][-]{subsection.4.6.1}{\376\377\0004\000.\0006\000.\0001\000\040\000D\000e\000s\000c\000r\000i\000z\000i\000o\000n\000e\000\040\000d\000e\000t\000t\000a\000g\000l\000i\000a\000t\000a}{section.4.6}% 62
\BOOKMARK [2][-]{subsection.4.6.2}{\376\377\0004\000.\0006\000.\0002\000\040\000D\000o\000c\000u\000m\000e\000n\000t\000a\000z\000i\000o\000n\000e\000\040\000d\000e\000l\000l\000e\000\040\000d\000e\000f\000i\000n\000i\000z\000i\000o\000n\000i}{section.4.6}% 63
\BOOKMARK [3][-]{subsubsection.4.6.2.1}{\376\377\0004\000.\0006\000.\0002\000.\0001\000\040\000Z\000y\000b\000o\000S\000w\000i\000t\000c\000h}{subsection.4.6.2}% 64
\BOOKMARK [2][-]{subsection.4.6.3}{\376\377\0004\000.\0006\000.\0003\000\040\000D\000o\000c\000u\000m\000e\000n\000t\000a\000z\000i\000o\000n\000e\000\040\000d\000e\000i\000\040\000t\000i\000p\000i\000\040\000e\000n\000u\000m\000e\000r\000a\000t\000i}{section.4.6}% 65
\BOOKMARK [3][-]{subsubsection.4.6.3.1}{\376\377\0004\000.\0006\000.\0003\000.\0001\000\040\000Z\000y\000b\000o\000S\000w\000i\000t\000c\000h\000\137\000m\000a\000s\000k\000\137\000t}{subsection.4.6.3}% 66
\BOOKMARK [3][-]{subsubsection.4.6.3.2}{\376\377\0004\000.\0006\000.\0003\000.\0002\000\040\000Z\000y\000b\000o\000S\000w\000i\000t\000c\000h\000\137\000s\000t\000a\000t\000u\000s\000\137\000t}{subsection.4.6.3}% 67
\BOOKMARK [2][-]{subsection.4.6.4}{\376\377\0004\000.\0006\000.\0004\000\040\000D\000o\000c\000u\000m\000e\000n\000t\000a\000z\000i\000o\000n\000e\000\040\000d\000e\000l\000l\000e\000\040\000f\000u\000n\000z\000i\000o\000n\000i}{section.4.6}% 68
\BOOKMARK [3][-]{subsubsection.4.6.4.1}{\376\377\0004\000.\0006\000.\0004\000.\0001\000\040\000Z\000y\000b\000o\000S\000w\000i\000t\000c\000h\000\137\000g\000e\000t\000S\000t\000a\000t\000u\000s}{subsection.4.6.4}% 69
\BOOKMARK [3][-]{subsubsection.4.6.4.2}{\376\377\0004\000.\0006\000.\0004\000.\0002\000\040\000Z\000y\000b\000o\000S\000w\000i\000t\000c\000h\000\137\000i\000n\000i\000t}{subsection.4.6.4}% 70
\BOOKMARK [1][-]{section.4.7}{\376\377\0004\000.\0007\000\040\000G\000P\000I\000O}{chapter.4}% 71
\BOOKMARK [2][-]{subsection.4.7.1}{\376\377\0004\000.\0007\000.\0001\000\040\000D\000e\000s\000c\000r\000i\000z\000i\000o\000n\000e\000\040\000d\000e\000t\000t\000a\000g\000l\000i\000a\000t\000a}{section.4.7}% 72
\BOOKMARK [2][-]{subsection.4.7.2}{\376\377\0004\000.\0007\000.\0002\000\040\000D\000o\000c\000u\000m\000e\000n\000t\000a\000z\000i\000o\000n\000e\000\040\000d\000e\000l\000l\000e\000\040\000d\000e\000f\000i\000n\000i\000z\000i\000o\000n\000i}{section.4.7}% 73
\BOOKMARK [3][-]{subsubsection.4.7.2.1}{\376\377\0004\000.\0007\000.\0002\000.\0001\000\040\000G\000P\000I\000O\000\137\000p\000i\000n}{subsection.4.7.2}% 74
\BOOKMARK [2][-]{subsection.4.7.3}{\376\377\0004\000.\0007\000.\0003\000\040\000D\000o\000c\000u\000m\000e\000n\000t\000a\000z\000i\000o\000n\000e\000\040\000d\000e\000i\000\040\000t\000i\000p\000i\000\040\000e\000n\000u\000m\000e\000r\000a\000t\000i}{section.4.7}% 75
\BOOKMARK [3][-]{subsubsection.4.7.3.1}{\376\377\0004\000.\0007\000.\0003\000.\0001\000\040\000G\000P\000I\000O\000\137\000m\000a\000s\000k}{subsection.4.7.3}% 76
\BOOKMARK [3][-]{subsubsection.4.7.3.2}{\376\377\0004\000.\0007\000.\0003\000.\0002\000\040\000G\000P\000I\000O\000\137\000m\000o\000d\000e}{subsection.4.7.3}% 77
\BOOKMARK [3][-]{subsubsection.4.7.3.3}{\376\377\0004\000.\0007\000.\0003\000.\0003\000\040\000G\000P\000I\000O\000\137\000v\000a\000l\000u\000e}{subsection.4.7.3}% 78
\BOOKMARK [2][-]{subsection.4.7.4}{\376\377\0004\000.\0007\000.\0004\000\040\000D\000o\000c\000u\000m\000e\000n\000t\000a\000z\000i\000o\000n\000e\000\040\000d\000e\000l\000l\000e\000\040\000f\000u\000n\000z\000i\000o\000n\000i}{section.4.7}% 79
\BOOKMARK [3][-]{subsubsection.4.7.4.1}{\376\377\0004\000.\0007\000.\0004\000.\0001\000\040\000G\000P\000I\000O\000\137\000g\000e\000t\000V\000a\000l\000u\000e}{subsection.4.7.4}% 80
\BOOKMARK [3][-]{subsubsection.4.7.4.2}{\376\377\0004\000.\0007\000.\0004\000.\0002\000\040\000G\000P\000I\000O\000\137\000i\000n\000i\000t}{subsection.4.7.4}% 81
\BOOKMARK [3][-]{subsubsection.4.7.4.3}{\376\377\0004\000.\0007\000.\0004\000.\0003\000\040\000G\000P\000I\000O\000\137\000s\000e\000t\000M\000o\000d\000e}{subsection.4.7.4}% 82
\BOOKMARK [3][-]{subsubsection.4.7.4.4}{\376\377\0004\000.\0007\000.\0004\000.\0004\000\040\000G\000P\000I\000O\000\137\000s\000e\000t\000V\000a\000l\000u\000e}{subsection.4.7.4}% 83
\BOOKMARK [3][-]{subsubsection.4.7.4.5}{\376\377\0004\000.\0007\000.\0004\000.\0005\000\040\000G\000P\000I\000O\000\137\000t\000o\000g\000g\000l\000e}{subsection.4.7.4}% 84
\BOOKMARK [0][-]{chapter.5}{\376\377\0005\000\040\000D\000o\000c\000u\000m\000e\000n\000t\000a\000z\000i\000o\000n\000e\000\040\000d\000e\000l\000l\000e\000\040\000c\000l\000a\000s\000s\000i}{}% 85
\BOOKMARK [1][-]{section.5.1}{\376\377\0005\000.\0001\000\040\000R\000i\000f\000e\000r\000i\000m\000e\000n\000t\000i\000\040\000p\000e\000r\000\040\000l\000a\000\040\000s\000t\000r\000u\000c\000t\000\040\000G\000P\000I\000O\000\137\000t}{chapter.5}% 86
\BOOKMARK [2][-]{subsection.5.1.1}{\376\377\0005\000.\0001\000.\0001\000\040\000D\000e\000s\000c\000r\000i\000z\000i\000o\000n\000e\000\040\000d\000e\000t\000t\000a\000g\000l\000i\000a\000t\000a}{section.5.1}% 87
\BOOKMARK [2][-]{subsection.5.1.2}{\376\377\0005\000.\0001\000.\0002\000\040\000D\000o\000c\000u\000m\000e\000n\000t\000a\000z\000i\000o\000n\000e\000\040\000d\000e\000i\000\040\000c\000a\000m\000p\000i}{section.5.1}% 88
\BOOKMARK [3][-]{subsubsection.5.1.2.1}{\376\377\0005\000.\0001\000.\0002\000.\0001\000\040\000b\000a\000s\000e\000\137\000a\000d\000d\000r\000e\000s\000s}{subsection.5.1.2}% 89
\BOOKMARK [3][-]{subsubsection.5.1.2.2}{\376\377\0005\000.\0001\000.\0002\000.\0002\000\040\000e\000n\000a\000b\000l\000e\000\137\000o\000f\000f\000s\000e\000t}{subsection.5.1.2}% 90
\BOOKMARK [3][-]{subsubsection.5.1.2.3}{\376\377\0005\000.\0001\000.\0002\000.\0003\000\040\000r\000e\000a\000d\000\137\000o\000f\000f\000s\000e\000t}{subsection.5.1.2}% 91
\BOOKMARK [3][-]{subsubsection.5.1.2.4}{\376\377\0005\000.\0001\000.\0002\000.\0004\000\040\000w\000i\000d\000t\000h}{subsection.5.1.2}% 92
\BOOKMARK [3][-]{subsubsection.5.1.2.5}{\376\377\0005\000.\0001\000.\0002\000.\0005\000\040\000w\000r\000i\000t\000e\000\137\000o\000f\000f\000s\000e\000t}{subsection.5.1.2}% 93
\BOOKMARK [1][-]{section.5.2}{\376\377\0005\000.\0002\000\040\000R\000i\000f\000e\000r\000i\000m\000e\000n\000t\000i\000\040\000p\000e\000r\000\040\000l\000a\000\040\000s\000t\000r\000u\000c\000t\000\040\000H\000D\0004\0004\0007\0008\0000\000\137\000L\000C\000D\000\137\000t}{chapter.5}% 94
\BOOKMARK [2][-]{subsection.5.2.1}{\376\377\0005\000.\0002\000.\0001\000\040\000D\000e\000s\000c\000r\000i\000z\000i\000o\000n\000e\000\040\000d\000e\000t\000t\000a\000g\000l\000i\000a\000t\000a}{section.5.2}% 95
\BOOKMARK [2][-]{subsection.5.2.2}{\376\377\0005\000.\0002\000.\0002\000\040\000D\000o\000c\000u\000m\000e\000n\000t\000a\000z\000i\000o\000n\000e\000\040\000d\000e\000i\000\040\000c\000a\000m\000p\000i}{section.5.2}% 96
\BOOKMARK [3][-]{subsubsection.5.2.2.1}{\376\377\0005\000.\0002\000.\0002\000.\0001\000\040\000D\000a\000t\000a\0000}{subsection.5.2.2}% 97
\BOOKMARK [3][-]{subsubsection.5.2.2.2}{\376\377\0005\000.\0002\000.\0002\000.\0002\000\040\000D\000a\000t\000a\0001}{subsection.5.2.2}% 98
\BOOKMARK [3][-]{subsubsection.5.2.2.3}{\376\377\0005\000.\0002\000.\0002\000.\0003\000\040\000D\000a\000t\000a\0002}{subsection.5.2.2}% 99
\BOOKMARK [3][-]{subsubsection.5.2.2.4}{\376\377\0005\000.\0002\000.\0002\000.\0004\000\040\000D\000a\000t\000a\0003}{subsection.5.2.2}% 100
\BOOKMARK [3][-]{subsubsection.5.2.2.5}{\376\377\0005\000.\0002\000.\0002\000.\0005\000\040\000D\000a\000t\000a\0004}{subsection.5.2.2}% 101
\BOOKMARK [3][-]{subsubsection.5.2.2.6}{\376\377\0005\000.\0002\000.\0002\000.\0006\000\040\000D\000a\000t\000a\0005}{subsection.5.2.2}% 102
\BOOKMARK [3][-]{subsubsection.5.2.2.7}{\376\377\0005\000.\0002\000.\0002\000.\0007\000\040\000D\000a\000t\000a\0006}{subsection.5.2.2}% 103
\BOOKMARK [3][-]{subsubsection.5.2.2.8}{\376\377\0005\000.\0002\000.\0002\000.\0008\000\040\000D\000a\000t\000a\0007}{subsection.5.2.2}% 104
\BOOKMARK [3][-]{subsubsection.5.2.2.9}{\376\377\0005\000.\0002\000.\0002\000.\0009\000\040\000E}{subsection.5.2.2}% 105
\BOOKMARK [3][-]{subsubsection.5.2.2.10}{\376\377\0005\000.\0002\000.\0002\000.\0001\0000\000\040\000g\000p\000i\000o}{subsection.5.2.2}% 106
\BOOKMARK [3][-]{subsubsection.5.2.2.11}{\376\377\0005\000.\0002\000.\0002\000.\0001\0001\000\040\000i\000f\000a\000c\000e\000\137\000m\000o\000d\000e}{subsection.5.2.2}% 107
\BOOKMARK [3][-]{subsubsection.5.2.2.12}{\376\377\0005\000.\0002\000.\0002\000.\0001\0002\000\040\000R\000S}{subsection.5.2.2}% 108
\BOOKMARK [3][-]{subsubsection.5.2.2.13}{\376\377\0005\000.\0002\000.\0002\000.\0001\0003\000\040\000R\000W}{subsection.5.2.2}% 109
\BOOKMARK [1][-]{section.5.3}{\376\377\0005\000.\0003\000\040\000R\000i\000f\000e\000r\000i\000m\000e\000n\000t\000i\000\040\000p\000e\000r\000\040\000l\000a\000\040\000s\000t\000r\000u\000c\000t\000\040\000Z\000y\000b\000o\000B\000u\000t\000t\000o\000n\000\137\000t}{chapter.5}% 110
\BOOKMARK [2][-]{subsection.5.3.1}{\376\377\0005\000.\0003\000.\0001\000\040\000D\000e\000s\000c\000r\000i\000z\000i\000o\000n\000e\000\040\000d\000e\000t\000t\000a\000g\000l\000i\000a\000t\000a}{section.5.3}% 111
\BOOKMARK [2][-]{subsection.5.3.2}{\376\377\0005\000.\0003\000.\0002\000\040\000D\000o\000c\000u\000m\000e\000n\000t\000a\000z\000i\000o\000n\000e\000\040\000d\000e\000i\000\040\000c\000a\000m\000p\000i}{section.5.3}% 112
\BOOKMARK [3][-]{subsubsection.5.3.2.1}{\376\377\0005\000.\0003\000.\0002\000.\0001\000\040\000B\000u\000t\000t\000o\000n\0000\000\137\000p\000i\000n}{subsection.5.3.2}% 113
\BOOKMARK [3][-]{subsubsection.5.3.2.2}{\376\377\0005\000.\0003\000.\0002\000.\0002\000\040\000B\000u\000t\000t\000o\000n\0001\000\137\000p\000i\000n}{subsection.5.3.2}% 114
\BOOKMARK [3][-]{subsubsection.5.3.2.3}{\376\377\0005\000.\0003\000.\0002\000.\0003\000\040\000B\000u\000t\000t\000o\000n\0002\000\137\000p\000i\000n}{subsection.5.3.2}% 115
\BOOKMARK [3][-]{subsubsection.5.3.2.4}{\376\377\0005\000.\0003\000.\0002\000.\0004\000\040\000B\000u\000t\000t\000o\000n\0003\000\137\000p\000i\000n}{subsection.5.3.2}% 116
\BOOKMARK [3][-]{subsubsection.5.3.2.5}{\376\377\0005\000.\0003\000.\0002\000.\0005\000\040\000g\000p\000i\000o}{subsection.5.3.2}% 117
\BOOKMARK [1][-]{section.5.4}{\376\377\0005\000.\0004\000\040\000R\000i\000f\000e\000r\000i\000m\000e\000n\000t\000i\000\040\000p\000e\000r\000\040\000l\000a\000\040\000s\000t\000r\000u\000c\000t\000\040\000Z\000y\000b\000o\000L\000e\000d\000\137\000t}{chapter.5}% 118
\BOOKMARK [2][-]{subsection.5.4.1}{\376\377\0005\000.\0004\000.\0001\000\040\000D\000e\000s\000c\000r\000i\000z\000i\000o\000n\000e\000\040\000d\000e\000t\000t\000a\000g\000l\000i\000a\000t\000a}{section.5.4}% 119
\BOOKMARK [2][-]{subsection.5.4.2}{\376\377\0005\000.\0004\000.\0002\000\040\000D\000o\000c\000u\000m\000e\000n\000t\000a\000z\000i\000o\000n\000e\000\040\000d\000e\000i\000\040\000c\000a\000m\000p\000i}{section.5.4}% 120
\BOOKMARK [3][-]{subsubsection.5.4.2.1}{\376\377\0005\000.\0004\000.\0002\000.\0001\000\040\000g\000p\000i\000o}{subsection.5.4.2}% 121
\BOOKMARK [3][-]{subsubsection.5.4.2.2}{\376\377\0005\000.\0004\000.\0002\000.\0002\000\040\000L\000e\000d\0000\000\137\000p\000i\000n}{subsection.5.4.2}% 122
\BOOKMARK [3][-]{subsubsection.5.4.2.3}{\376\377\0005\000.\0004\000.\0002\000.\0003\000\040\000L\000e\000d\0001\000\137\000p\000i\000n}{subsection.5.4.2}% 123
\BOOKMARK [3][-]{subsubsection.5.4.2.4}{\376\377\0005\000.\0004\000.\0002\000.\0004\000\040\000L\000e\000d\0002\000\137\000p\000i\000n}{subsection.5.4.2}% 124
\BOOKMARK [3][-]{subsubsection.5.4.2.5}{\376\377\0005\000.\0004\000.\0002\000.\0005\000\040\000L\000e\000d\0003\000\137\000p\000i\000n}{subsection.5.4.2}% 125
\BOOKMARK [1][-]{section.5.5}{\376\377\0005\000.\0005\000\040\000R\000i\000f\000e\000r\000i\000m\000e\000n\000t\000i\000\040\000p\000e\000r\000\040\000l\000a\000\040\000s\000t\000r\000u\000c\000t\000\040\000Z\000y\000b\000o\000S\000w\000i\000t\000c\000h\000\137\000t}{chapter.5}% 126
\BOOKMARK [2][-]{subsection.5.5.1}{\376\377\0005\000.\0005\000.\0001\000\040\000D\000e\000s\000c\000r\000i\000z\000i\000o\000n\000e\000\040\000d\000e\000t\000t\000a\000g\000l\000i\000a\000t\000a}{section.5.5}% 127
\BOOKMARK [2][-]{subsection.5.5.2}{\376\377\0005\000.\0005\000.\0002\000\040\000D\000o\000c\000u\000m\000e\000n\000t\000a\000z\000i\000o\000n\000e\000\040\000d\000e\000i\000\040\000c\000a\000m\000p\000i}{section.5.5}% 128
\BOOKMARK [3][-]{subsubsection.5.5.2.1}{\376\377\0005\000.\0005\000.\0002\000.\0001\000\040\000g\000p\000i\000o}{subsection.5.5.2}% 129
\BOOKMARK [3][-]{subsubsection.5.5.2.2}{\376\377\0005\000.\0005\000.\0002\000.\0002\000\040\000S\000w\000i\000t\000c\000h\0000\000\137\000p\000i\000n}{subsection.5.5.2}% 130
\BOOKMARK [3][-]{subsubsection.5.5.2.3}{\376\377\0005\000.\0005\000.\0002\000.\0003\000\040\000S\000w\000i\000t\000c\000h\0001\000\137\000p\000i\000n}{subsection.5.5.2}% 131
\BOOKMARK [3][-]{subsubsection.5.5.2.4}{\376\377\0005\000.\0005\000.\0002\000.\0004\000\040\000S\000w\000i\000t\000c\000h\0002\000\137\000p\000i\000n}{subsection.5.5.2}% 132
\BOOKMARK [3][-]{subsubsection.5.5.2.5}{\376\377\0005\000.\0005\000.\0002\000.\0005\000\040\000S\000w\000i\000t\000c\000h\0003\000\137\000p\000i\000n}{subsection.5.5.2}% 133
\BOOKMARK [0][-]{chapter.6}{\376\377\0006\000\040\000D\000o\000c\000u\000m\000e\000n\000t\000a\000z\000i\000o\000n\000e\000\040\000d\000e\000i\000\040\000f\000i\000l\000e}{}% 134
\BOOKMARK [1][-]{section.6.1}{\376\377\0006\000.\0001\000\040\000R\000i\000f\000e\000r\000i\000m\000e\000n\000t\000i\000\040\000p\000e\000r\000\040\000i\000l\000\040\000f\000i\000l\000e\000\040\000G\000P\000I\000O\000/\000g\000p\000i\000o\000.\000c}{chapter.6}% 135
\BOOKMARK [1][-]{section.6.2}{\376\377\0006\000.\0002\000\040\000R\000i\000f\000e\000r\000i\000m\000e\000n\000t\000i\000\040\000p\000e\000r\000\040\000i\000l\000\040\000f\000i\000l\000e\000\040\000G\000P\000I\000O\000/\000g\000p\000i\000o\000.\000h}{chapter.6}% 136
\BOOKMARK [1][-]{section.6.3}{\376\377\0006\000.\0003\000\040\000R\000i\000f\000e\000r\000i\000m\000e\000n\000t\000i\000\040\000p\000e\000r\000\040\000i\000l\000\040\000f\000i\000l\000e\000\040\000G\000P\000I\000O\000/\000t\000e\000s\000t\000/\000t\000e\000s\000t\000.\000c}{chapter.6}% 137
\BOOKMARK [2][-]{subsection.6.3.1}{\376\377\0006\000.\0003\000.\0001\000\040\000D\000o\000c\000u\000m\000e\000n\000t\000a\000z\000i\000o\000n\000e\000\040\000d\000e\000l\000l\000e\000\040\000f\000u\000n\000z\000i\000o\000n\000i}{section.6.3}% 138
\BOOKMARK [3][-]{subsubsection.6.3.1.1}{\376\377\0006\000.\0003\000.\0001\000.\0001\000\040\000m\000a\000i\000n}{subsection.6.3.1}% 139
\BOOKMARK [1][-]{section.6.4}{\376\377\0006\000.\0004\000\040\000R\000i\000f\000e\000r\000i\000m\000e\000n\000t\000i\000\040\000p\000e\000r\000\040\000i\000l\000\040\000f\000i\000l\000e\000\040\000L\000c\000d\000/\000h\000d\0004\0004\0007\0008\0000\000.\000c}{chapter.6}% 140
\BOOKMARK [2][-]{subsection.6.4.1}{\376\377\0006\000.\0004\000.\0001\000\040\000D\000o\000c\000u\000m\000e\000n\000t\000a\000z\000i\000o\000n\000e\000\040\000d\000e\000l\000l\000e\000\040\000d\000e\000f\000i\000n\000i\000z\000i\000o\000n\000i}{section.6.4}% 141
\BOOKMARK [3][-]{subsubsection.6.4.1.1}{\376\377\0006\000.\0004\000.\0001\000.\0001\000\040\000H\000D\0004\0004\0007\0008\0000\000\137\000c\000l\000e\000a\000r}{subsection.6.4.1}% 142
\BOOKMARK [3][-]{subsubsection.6.4.1.2}{\376\377\0006\000.\0004\000.\0001\000.\0002\000\040\000H\000D\0004\0004\0007\0008\0000\000\137\000c\000l\000e\000a\000r}{subsection.6.4.1}% 143
\BOOKMARK [3][-]{subsubsection.6.4.1.3}{\376\377\0006\000.\0004\000.\0001\000.\0003\000\040\000H\000D\0004\0004\0007\0008\0000\000\137\000c\000u\000r\000s\000o\000r\000\137\000b\000l\000i\000n\000k}{subsection.6.4.1}% 144
\BOOKMARK [3][-]{subsubsection.6.4.1.4}{\376\377\0006\000.\0004\000.\0001\000.\0004\000\040\000H\000D\0004\0004\0007\0008\0000\000\137\000c\000u\000r\000s\000o\000r\000\137\000l}{subsection.6.4.1}% 145
\BOOKMARK [3][-]{subsubsection.6.4.1.5}{\376\377\0006\000.\0004\000.\0001\000.\0005\000\040\000H\000D\0004\0004\0007\0008\0000\000\137\000c\000u\000r\000s\000o\000r\000\137\000o\000f\000f}{subsection.6.4.1}% 146
\BOOKMARK [3][-]{subsubsection.6.4.1.6}{\376\377\0006\000.\0004\000.\0001\000.\0006\000\040\000H\000D\0004\0004\0007\0008\0000\000\137\000c\000u\000r\000s\000o\000r\000\137\000o\000n}{subsection.6.4.1}% 147
\BOOKMARK [3][-]{subsubsection.6.4.1.7}{\376\377\0006\000.\0004\000.\0001\000.\0007\000\040\000H\000D\0004\0004\0007\0008\0000\000\137\000c\000u\000r\000s\000o\000r\000\137\000r}{subsection.6.4.1}% 148
\BOOKMARK [3][-]{subsubsection.6.4.1.8}{\376\377\0006\000.\0004\000.\0001\000.\0008\000\040\000H\000D\0004\0004\0007\0008\0000\000\137\000d\000e\000c\000\137\000n\000o\000\137\000s\000h\000i\000f\000t}{subsection.6.4.1}% 149
\BOOKMARK [3][-]{subsubsection.6.4.1.9}{\376\377\0006\000.\0004\000.\0001\000.\0009\000\040\000H\000D\0004\0004\0007\0008\0000\000\137\000d\000e\000c\000\137\000s\000h\000i\000f\000t}{subsection.6.4.1}% 150
\BOOKMARK [3][-]{subsubsection.6.4.1.10}{\376\377\0006\000.\0004\000.\0001\000.\0001\0000\000\040\000H\000D\0004\0004\0007\0008\0000\000\137\000d\000i\000s\000p\000l\000a\000y\000\137\000o\000f\000f}{subsection.6.4.1}% 151
\BOOKMARK [3][-]{subsubsection.6.4.1.11}{\376\377\0006\000.\0004\000.\0001\000.\0001\0001\000\040\000H\000D\0004\0004\0007\0008\0000\000\137\000h\000o\000m\000e}{subsection.6.4.1}% 152
\BOOKMARK [3][-]{subsubsection.6.4.1.12}{\376\377\0006\000.\0004\000.\0001\000.\0001\0002\000\040\000H\000D\0004\0004\0007\0008\0000\000\137\000i\000n\000c\000\137\000n\000o\000\137\000s\000h\000i\000f\000t}{subsection.6.4.1}% 153
\BOOKMARK [3][-]{subsubsection.6.4.1.13}{\376\377\0006\000.\0004\000.\0001\000.\0001\0003\000\040\000H\000D\0004\0004\0007\0008\0000\000\137\000i\000n\000c\000\137\000s\000h\000i\000f\000t}{subsection.6.4.1}% 154
\BOOKMARK [3][-]{subsubsection.6.4.1.14}{\376\377\0006\000.\0004\000.\0001\000.\0001\0004\000\040\000H\000D\0004\0004\0007\0008\0000\000\137\000r\000o\000w\0001}{subsection.6.4.1}% 155
\BOOKMARK [3][-]{subsubsection.6.4.1.15}{\376\377\0006\000.\0004\000.\0001\000.\0001\0005\000\040\000H\000D\0004\0004\0007\0008\0000\000\137\000r\000o\000w\0002}{subsection.6.4.1}% 156
\BOOKMARK [3][-]{subsubsection.6.4.1.16}{\376\377\0006\000.\0004\000.\0001\000.\0001\0006\000\040\000l\000c\000d\000\137\000c\000o\000m\000m\000a\000n\000d}{subsection.6.4.1}% 157
\BOOKMARK [3][-]{subsubsection.6.4.1.17}{\376\377\0006\000.\0004\000.\0001\000.\0001\0007\000\040\000l\000c\000d\000\137\000d\000a\000t\000a}{subsection.6.4.1}% 158
\BOOKMARK [3][-]{subsubsection.6.4.1.18}{\376\377\0006\000.\0004\000.\0001\000.\0001\0008\000\040\000l\000c\000d\000\137\000e\000n\000a\000b\000l\000e}{subsection.6.4.1}% 159
\BOOKMARK [3][-]{subsubsection.6.4.1.19}{\376\377\0006\000.\0004\000.\0001\000.\0001\0009\000\040\000l\000c\000d\000\137\000r\000e\000a\000d}{subsection.6.4.1}% 160
\BOOKMARK [3][-]{subsubsection.6.4.1.20}{\376\377\0006\000.\0004\000.\0001\000.\0002\0000\000\040\000l\000c\000d\000\137\000w\000r\000i\000t\000e}{subsection.6.4.1}% 161
\BOOKMARK [3][-]{subsubsection.6.4.1.21}{\376\377\0006\000.\0004\000.\0001\000.\0002\0001\000\040\000t\000i\000m\000e\000r\000\137\000w\000a\000i\000t\000\137\000m\000s}{subsection.6.4.1}% 162
\BOOKMARK [3][-]{subsubsection.6.4.1.22}{\376\377\0006\000.\0004\000.\0001\000.\0002\0002\000\040\000t\000i\000m\000e\000r\000\137\000w\000a\000i\000t\000\137\000u\000s}{subsection.6.4.1}% 163
\BOOKMARK [2][-]{subsection.6.4.2}{\376\377\0006\000.\0004\000.\0002\000\040\000D\000o\000c\000u\000m\000e\000n\000t\000a\000z\000i\000o\000n\000e\000\040\000d\000e\000l\000l\000e\000\040\000f\000u\000n\000z\000i\000o\000n\000i}{section.6.4}% 164
\BOOKMARK [3][-]{subsubsection.6.4.2.1}{\376\377\0006\000.\0004\000.\0002\000.\0001\000\040\000H\000D\0004\0004\0007\0008\0000\000\137\000C\000o\000n\000f\000i\000g\000u\000r\000e\000P\000i\000n}{subsection.6.4.2}% 165
\BOOKMARK [3][-]{subsubsection.6.4.2.2}{\376\377\0006\000.\0004\000.\0002\000.\0002\000\040\000H\000D\0004\0004\0007\0008\0000\000\137\000S\000e\000t\000B\000y\000t\000e}{subsection.6.4.2}% 166
\BOOKMARK [3][-]{subsubsection.6.4.2.3}{\376\377\0006\000.\0004\000.\0002\000.\0003\000\040\000H\000D\0004\0004\0007\0008\0000\000\137\000V\000a\000l\000i\000d\000a\000t\000e\000P\000a\000i\000r}{subsection.6.4.2}% 167
\BOOKMARK [3][-]{subsubsection.6.4.2.4}{\376\377\0006\000.\0004\000.\0002\000.\0004\000\040\000H\000D\0004\0004\0007\0008\0000\000\137\000W\000r\000i\000t\000e\000C\000o\000m\000m\000a\000n\000d}{subsection.6.4.2}% 168
\BOOKMARK [3][-]{subsubsection.6.4.2.5}{\376\377\0006\000.\0004\000.\0002\000.\0005\000\040\000H\000D\0004\0004\0007\0008\0000\000\137\000W\000r\000i\000t\000e\000D\000a\000t\000a}{subsection.6.4.2}% 169
\BOOKMARK [1][-]{section.6.5}{\376\377\0006\000.\0005\000\040\000R\000i\000f\000e\000r\000i\000m\000e\000n\000t\000i\000\040\000p\000e\000r\000\040\000i\000l\000\040\000f\000i\000l\000e\000\040\000L\000c\000d\000/\000h\000d\0004\0004\0007\0008\0000\000.\000h}{chapter.6}% 170
\BOOKMARK [1][-]{section.6.6}{\376\377\0006\000.\0006\000\040\000R\000i\000f\000e\000r\000i\000m\000e\000n\000t\000i\000\040\000p\000e\000r\000\040\000i\000l\000\040\000f\000i\000l\000e\000\040\000Z\000y\000b\000o\000/\000Z\000y\000b\000o\000.\000h}{chapter.6}% 171
\BOOKMARK [1][-]{section.6.7}{\376\377\0006\000.\0007\000\040\000R\000i\000f\000e\000r\000i\000m\000e\000n\000t\000i\000\040\000p\000e\000r\000\040\000i\000l\000\040\000f\000i\000l\000e\000\040\000Z\000y\000b\000o\000/\000Z\000y\000b\000o\000B\000u\000t\000t\000o\000n\000.\000c}{chapter.6}% 172
\BOOKMARK [2][-]{subsection.6.7.1}{\376\377\0006\000.\0007\000.\0001\000\040\000D\000o\000c\000u\000m\000e\000n\000t\000a\000z\000i\000o\000n\000e\000\040\000d\000e\000l\000l\000e\000\040\000d\000e\000f\000i\000n\000i\000z\000i\000o\000n\000i}{section.6.7}% 173
\BOOKMARK [3][-]{subsubsection.6.7.1.1}{\376\377\0006\000.\0007\000.\0001\000.\0001\000\040\000t\000i\000m\000e\000r\000\137\000w\000a\000i\000t\000\137\000m\000s}{subsection.6.7.1}% 174
\BOOKMARK [1][-]{section.6.8}{\376\377\0006\000.\0008\000\040\000R\000i\000f\000e\000r\000i\000m\000e\000n\000t\000i\000\040\000p\000e\000r\000\040\000i\000l\000\040\000f\000i\000l\000e\000\040\000Z\000y\000b\000o\000/\000Z\000y\000b\000o\000B\000u\000t\000t\000o\000n\000.\000h}{chapter.6}% 175
\BOOKMARK [1][-]{section.6.9}{\376\377\0006\000.\0009\000\040\000R\000i\000f\000e\000r\000i\000m\000e\000n\000t\000i\000\040\000p\000e\000r\000\040\000i\000l\000\040\000f\000i\000l\000e\000\040\000Z\000y\000b\000o\000/\000Z\000y\000b\000o\000L\000e\000d\000.\000c}{chapter.6}% 176
\BOOKMARK [1][-]{section.6.10}{\376\377\0006\000.\0001\0000\000\040\000R\000i\000f\000e\000r\000i\000m\000e\000n\000t\000i\000\040\000p\000e\000r\000\040\000i\000l\000\040\000f\000i\000l\000e\000\040\000Z\000y\000b\000o\000/\000Z\000y\000b\000o\000L\000e\000d\000.\000h}{chapter.6}% 177
\BOOKMARK [1][-]{section.6.11}{\376\377\0006\000.\0001\0001\000\040\000R\000i\000f\000e\000r\000i\000m\000e\000n\000t\000i\000\040\000p\000e\000r\000\040\000i\000l\000\040\000f\000i\000l\000e\000\040\000Z\000y\000b\000o\000/\000Z\000y\000b\000o\000S\000w\000i\000t\000c\000h\000.\000c}{chapter.6}% 178
\BOOKMARK [1][-]{section.6.12}{\376\377\0006\000.\0001\0002\000\040\000R\000i\000f\000e\000r\000i\000m\000e\000n\000t\000i\000\040\000p\000e\000r\000\040\000i\000l\000\040\000f\000i\000l\000e\000\040\000Z\000y\000b\000o\000/\000Z\000y\000b\000o\000S\000w\000i\000t\000c\000h\000.\000h}{chapter.6}% 179
\BOOKMARK [0][-]{section*.55}{\376\377\000I\000n\000d\000i\000c\000e}{}% 180
